mode: set
github.com/chenniannian90/tools/confmcp/client.go:36.42,41.2 1 0
github.com/chenniannian90/tools/confmcp/client.go:44.98,45.46 1 0
github.com/chenniannian90/tools/confmcp/client.go:45.46,47.3 1 0
github.com/chenniannian90/tools/confmcp/client.go:49.2,50.52 2 0
github.com/chenniannian90/tools/confmcp/client.go:50.52,51.20 1 0
github.com/chenniannian90/tools/confmcp/client.go:51.20,53.4 1 0
github.com/chenniannian90/tools/confmcp/client.go:54.3,54.64 1 0
github.com/chenniannian90/tools/confmcp/client.go:57.2,57.23 1 0
github.com/chenniannian90/tools/confmcp/client.go:61.40,63.2 1 0
github.com/chenniannian90/tools/confmcp/client.go:66.37,67.19 1 0
github.com/chenniannian90/tools/confmcp/client.go:67.19,69.3 1 0
github.com/chenniannian90/tools/confmcp/client.go:71.2,73.3 1 0
github.com/chenniannian90/tools/confmcp/client.go:77.53,80.27 2 0
github.com/chenniannian90/tools/confmcp/client.go:81.15,82.36 1 0
github.com/chenniannian90/tools/confmcp/client.go:83.13,84.56 1 0
github.com/chenniannian90/tools/confmcp/client.go:85.10,86.67 1 0
github.com/chenniannian90/tools/confmcp/client.go:90.2,90.42 1 0
github.com/chenniannian90/tools/confmcp/client.go:90.42,92.3 1 0
github.com/chenniannian90/tools/confmcp/client.go:94.2,96.12 3 0
github.com/chenniannian90/tools/confmcp/client.go:100.56,120.16 3 0
github.com/chenniannian90/tools/confmcp/client.go:120.16,122.3 1 0
github.com/chenniannian90/tools/confmcp/client.go:124.2,124.23 1 0
github.com/chenniannian90/tools/confmcp/client.go:124.23,126.3 1 0
github.com/chenniannian90/tools/confmcp/client.go:128.2,129.12 2 0
github.com/chenniannian90/tools/confmcp/client.go:133.40,138.2 4 0
github.com/chenniannian90/tools/confmcp/client.go:141.32,142.24 1 0
github.com/chenniannian90/tools/confmcp/client.go:142.24,144.3 1 0
github.com/chenniannian90/tools/confmcp/client.go:145.2,145.12 1 0
github.com/chenniannian90/tools/confmcp/client.go:149.66,150.20 1 0
github.com/chenniannian90/tools/confmcp/client.go:150.20,152.3 1 0
github.com/chenniannian90/tools/confmcp/client.go:154.2,161.16 3 0
github.com/chenniannian90/tools/confmcp/client.go:161.16,163.3 1 0
github.com/chenniannian90/tools/confmcp/client.go:165.2,165.23 1 0
github.com/chenniannian90/tools/confmcp/client.go:165.23,167.3 1 0
github.com/chenniannian90/tools/confmcp/client.go:169.2,170.9 2 0
github.com/chenniannian90/tools/confmcp/client.go:170.9,172.3 1 0
github.com/chenniannian90/tools/confmcp/client.go:174.2,175.9 2 0
github.com/chenniannian90/tools/confmcp/client.go:175.9,177.3 1 0
github.com/chenniannian90/tools/confmcp/client.go:179.2,180.47 2 0
github.com/chenniannian90/tools/confmcp/client.go:180.47,182.10 2 0
github.com/chenniannian90/tools/confmcp/client.go:182.10,183.12 1 0
github.com/chenniannian90/tools/confmcp/client.go:186.3,191.30 2 0
github.com/chenniannian90/tools/confmcp/client.go:194.2,194.19 1 0
github.com/chenniannian90/tools/confmcp/client.go:198.111,199.20 1 0
github.com/chenniannian90/tools/confmcp/client.go:199.20,201.3 1 0
github.com/chenniannian90/tools/confmcp/client.go:203.2,214.16 3 0
github.com/chenniannian90/tools/confmcp/client.go:214.16,216.3 1 0
github.com/chenniannian90/tools/confmcp/client.go:218.2,218.23 1 0
github.com/chenniannian90/tools/confmcp/client.go:218.23,220.3 1 0
github.com/chenniannian90/tools/confmcp/client.go:222.2,222.25 1 0
github.com/chenniannian90/tools/confmcp/client.go:226.74,227.20 1 0
github.com/chenniannian90/tools/confmcp/client.go:227.20,229.3 1 0
github.com/chenniannian90/tools/confmcp/client.go:231.2,238.16 3 0
github.com/chenniannian90/tools/confmcp/client.go:238.16,240.3 1 0
github.com/chenniannian90/tools/confmcp/client.go:242.2,242.23 1 0
github.com/chenniannian90/tools/confmcp/client.go:242.23,244.3 1 0
github.com/chenniannian90/tools/confmcp/client.go:246.2,247.9 2 0
github.com/chenniannian90/tools/confmcp/client.go:247.9,249.3 1 0
github.com/chenniannian90/tools/confmcp/client.go:251.2,252.9 2 0
github.com/chenniannian90/tools/confmcp/client.go:252.9,254.3 1 0
github.com/chenniannian90/tools/confmcp/client.go:256.2,257.50 2 0
github.com/chenniannian90/tools/confmcp/client.go:257.50,259.10 2 0
github.com/chenniannian90/tools/confmcp/client.go:259.10,260.12 1 0
github.com/chenniannian90/tools/confmcp/client.go:263.3,269.42 2 0
github.com/chenniannian90/tools/confmcp/client.go:272.2,272.23 1 0
github.com/chenniannian90/tools/confmcp/client.go:276.90,277.20 1 0
github.com/chenniannian90/tools/confmcp/client.go:277.20,279.3 1 0
github.com/chenniannian90/tools/confmcp/client.go:281.2,291.16 3 0
github.com/chenniannian90/tools/confmcp/client.go:291.16,293.3 1 0
github.com/chenniannian90/tools/confmcp/client.go:295.2,295.23 1 0
github.com/chenniannian90/tools/confmcp/client.go:295.23,297.3 1 0
github.com/chenniannian90/tools/confmcp/client.go:299.2,300.9 2 0
github.com/chenniannian90/tools/confmcp/client.go:300.9,302.3 1 0
github.com/chenniannian90/tools/confmcp/client.go:304.2,305.40 2 0
github.com/chenniannian90/tools/confmcp/client.go:305.40,307.3 1 0
github.com/chenniannian90/tools/confmcp/client.go:309.2,310.9 2 0
github.com/chenniannian90/tools/confmcp/client.go:310.9,312.3 1 0
github.com/chenniannian90/tools/confmcp/client.go:314.2,320.21 2 0
github.com/chenniannian90/tools/confmcp/client.go:324.70,325.20 1 0
github.com/chenniannian90/tools/confmcp/client.go:325.20,327.3 1 0
github.com/chenniannian90/tools/confmcp/client.go:329.2,336.16 3 0
github.com/chenniannian90/tools/confmcp/client.go:336.16,338.3 1 0
github.com/chenniannian90/tools/confmcp/client.go:340.2,340.23 1 0
github.com/chenniannian90/tools/confmcp/client.go:340.23,342.3 1 0
github.com/chenniannian90/tools/confmcp/client.go:344.2,345.9 2 0
github.com/chenniannian90/tools/confmcp/client.go:345.9,347.3 1 0
github.com/chenniannian90/tools/confmcp/client.go:349.2,350.9 2 0
github.com/chenniannian90/tools/confmcp/client.go:350.9,352.3 1 0
github.com/chenniannian90/tools/confmcp/client.go:354.2,355.51 2 0
github.com/chenniannian90/tools/confmcp/client.go:355.51,357.10 2 0
github.com/chenniannian90/tools/confmcp/client.go:357.10,358.12 1 0
github.com/chenniannian90/tools/confmcp/client.go:361.3,366.70 2 0
github.com/chenniannian90/tools/confmcp/client.go:366.70,367.47 1 0
github.com/chenniannian90/tools/confmcp/client.go:367.47,369.12 2 0
github.com/chenniannian90/tools/confmcp/client.go:369.12,370.14 1 0
github.com/chenniannian90/tools/confmcp/client.go:373.5,377.54 2 0
github.com/chenniannian90/tools/confmcp/client.go:377.54,379.6 1 0
github.com/chenniannian90/tools/confmcp/client.go:380.5,380.53 1 0
github.com/chenniannian90/tools/confmcp/client.go:384.3,384.36 1 0
github.com/chenniannian90/tools/confmcp/client.go:387.2,387.21 1 0
github.com/chenniannian90/tools/confmcp/client.go:391.107,392.20 1 0
github.com/chenniannian90/tools/confmcp/client.go:392.20,394.3 1 0
github.com/chenniannian90/tools/confmcp/client.go:396.2,399.17 2 0
github.com/chenniannian90/tools/confmcp/client.go:399.17,401.3 1 0
github.com/chenniannian90/tools/confmcp/client.go:403.2,411.16 3 0
github.com/chenniannian90/tools/confmcp/client.go:411.16,413.3 1 0
github.com/chenniannian90/tools/confmcp/client.go:415.2,415.23 1 0
github.com/chenniannian90/tools/confmcp/client.go:415.23,417.3 1 0
github.com/chenniannian90/tools/confmcp/client.go:419.2,420.9 2 0
github.com/chenniannian90/tools/confmcp/client.go:420.9,422.3 1 0
github.com/chenniannian90/tools/confmcp/client.go:424.2,425.40 2 0
github.com/chenniannian90/tools/confmcp/client.go:425.40,427.3 1 0
github.com/chenniannian90/tools/confmcp/client.go:429.2,430.9 2 0
github.com/chenniannian90/tools/confmcp/client.go:430.9,432.3 1 0
github.com/chenniannian90/tools/confmcp/client.go:434.2,435.21 2 0
github.com/chenniannian90/tools/confmcp/client.go:439.61,440.27 1 0
github.com/chenniannian90/tools/confmcp/client.go:440.27,441.34 1 0
github.com/chenniannian90/tools/confmcp/client.go:441.34,443.4 1 0
github.com/chenniannian90/tools/confmcp/client.go:445.2,445.11 1 0
github.com/chenniannian90/tools/confmcp/client.go:448.74,449.27 1 0
github.com/chenniannian90/tools/confmcp/client.go:449.27,450.48 1 0
github.com/chenniannian90/tools/confmcp/client.go:450.48,452.4 1 0
github.com/chenniannian90/tools/confmcp/client.go:454.2,454.12 1 0
github.com/chenniannian90/tools/confmcp/mcp.go:37.29,38.22 1 1
github.com/chenniannian90/tools/confmcp/mcp.go:38.22,40.3 1 1
github.com/chenniannian90/tools/confmcp/mcp.go:43.2,43.40 1 1
github.com/chenniannian90/tools/confmcp/mcp.go:43.40,45.3 1 1
github.com/chenniannian90/tools/confmcp/mcp.go:48.2,48.20 1 1
github.com/chenniannian90/tools/confmcp/mcp.go:48.20,51.3 2 1
github.com/chenniannian90/tools/confmcp/mcp.go:55.22,56.20 1 1
github.com/chenniannian90/tools/confmcp/mcp.go:56.20,59.3 2 1
github.com/chenniannian90/tools/confmcp/mcp.go:63.35,64.16 1 1
github.com/chenniannian90/tools/confmcp/mcp.go:64.16,66.3 1 1
github.com/chenniannian90/tools/confmcp/mcp.go:67.2,67.16 1 1
github.com/chenniannian90/tools/confmcp/mcp.go:71.42,83.2 1 1
github.com/chenniannian90/tools/confmcp/mcp.go:86.49,89.19 2 1
github.com/chenniannian90/tools/confmcp/mcp.go:89.19,91.3 1 1
github.com/chenniannian90/tools/confmcp/mcp.go:91.8,93.3 1 0
github.com/chenniannian90/tools/confmcp/mcp.go:95.2,95.15 1 1
github.com/chenniannian90/tools/confmcp/mcp.go:99.67,100.20 1 1
github.com/chenniannian90/tools/confmcp/mcp.go:100.20,102.3 1 1
github.com/chenniannian90/tools/confmcp/mcp.go:103.2,104.47 2 1
github.com/chenniannian90/tools/confmcp/mcp.go:108.31,109.20 1 0
github.com/chenniannian90/tools/confmcp/mcp.go:109.20,112.3 2 0
github.com/chenniannian90/tools/confmcp/mcp.go:114.2,114.33 1 0
github.com/chenniannian90/tools/confmcp/mcp.go:114.33,115.21 1 0
github.com/chenniannian90/tools/confmcp/mcp.go:116.16,117.14 1 0
github.com/chenniannian90/tools/confmcp/mcp.go:118.14,119.47 1 0
github.com/chenniannian90/tools/confmcp/mcp.go:120.11,121.59 1 0
github.com/chenniannian90/tools/confmcp/prompts.go:32.42,36.2 1 1
github.com/chenniannian90/tools/confmcp/prompts.go:39.57,40.23 1 1
github.com/chenniannian90/tools/confmcp/prompts.go:40.23,42.3 1 1
github.com/chenniannian90/tools/confmcp/prompts.go:43.2,43.27 1 1
github.com/chenniannian90/tools/confmcp/prompts.go:43.27,45.3 1 1
github.com/chenniannian90/tools/confmcp/prompts.go:47.2,48.12 2 1
github.com/chenniannian90/tools/confmcp/prompts.go:52.50,54.2 1 1
github.com/chenniannian90/tools/confmcp/prompts.go:57.59,60.2 2 1
github.com/chenniannian90/tools/confmcp/prompts.go:63.43,65.35 2 1
github.com/chenniannian90/tools/confmcp/prompts.go:65.35,67.3 1 1
github.com/chenniannian90/tools/confmcp/prompts.go:68.2,68.16 1 1
github.com/chenniannian90/tools/confmcp/prompts.go:72.114,74.9 2 1
github.com/chenniannian90/tools/confmcp/prompts.go:74.9,76.3 1 0
github.com/chenniannian90/tools/confmcp/prompts.go:78.2,78.34 1 1
github.com/chenniannian90/tools/confmcp/prompts.go:82.38,84.2 1 1
github.com/chenniannian90/tools/confmcp/prompts.go:87.34,89.2 1 1
github.com/chenniannian90/tools/confmcp/prompts.go:92.48,95.2 2 1
github.com/chenniannian90/tools/confmcp/resources.go:34.46,38.2 1 1
github.com/chenniannian90/tools/confmcp/resources.go:41.63,42.24 1 1
github.com/chenniannian90/tools/confmcp/resources.go:42.24,44.3 1 1
github.com/chenniannian90/tools/confmcp/resources.go:45.2,45.29 1 1
github.com/chenniannian90/tools/confmcp/resources.go:45.29,47.3 1 1
github.com/chenniannian90/tools/confmcp/resources.go:49.2,50.12 2 1
github.com/chenniannian90/tools/confmcp/resources.go:54.51,56.2 1 1
github.com/chenniannian90/tools/confmcp/resources.go:59.62,62.2 2 1
github.com/chenniannian90/tools/confmcp/resources.go:65.47,67.39 2 1
github.com/chenniannian90/tools/confmcp/resources.go:67.39,69.3 1 1
github.com/chenniannian90/tools/confmcp/resources.go:70.2,70.18 1 1
github.com/chenniannian90/tools/confmcp/resources.go:74.92,76.9 2 1
github.com/chenniannian90/tools/confmcp/resources.go:76.9,78.3 1 1
github.com/chenniannian90/tools/confmcp/resources.go:80.2,80.35 1 1
github.com/chenniannian90/tools/confmcp/resources.go:84.40,86.2 1 1
github.com/chenniannian90/tools/confmcp/resources.go:89.36,91.2 1 1
github.com/chenniannian90/tools/confmcp/resources.go:94.49,97.2 2 1
github.com/chenniannian90/tools/confmcp/retry.go:17.31,18.20 1 1
github.com/chenniannian90/tools/confmcp/retry.go:18.20,20.3 1 1
github.com/chenniannian90/tools/confmcp/retry.go:21.2,21.21 1 1
github.com/chenniannian90/tools/confmcp/retry.go:21.21,23.3 1 1
github.com/chenniannian90/tools/confmcp/retry.go:27.50,28.20 1 1
github.com/chenniannian90/tools/confmcp/retry.go:28.20,31.3 2 1
github.com/chenniannian90/tools/confmcp/retry.go:33.2,33.33 1 1
github.com/chenniannian90/tools/confmcp/retry.go:33.33,35.17 2 1
github.com/chenniannian90/tools/confmcp/retry.go:35.17,36.23 1 1
github.com/chenniannian90/tools/confmcp/retry.go:36.23,40.13 3 1
github.com/chenniannian90/tools/confmcp/retry.go:43.3,43.8 1 1
github.com/chenniannian90/tools/confmcp/retry.go:45.2,45.8 1 1
github.com/chenniannian90/tools/confmcp/server.go:23.37,24.19 1 1
github.com/chenniannian90/tools/confmcp/server.go:24.19,26.3 1 0
github.com/chenniannian90/tools/confmcp/server.go:28.2,33.3 1 1
github.com/chenniannian90/tools/confmcp/server.go:37.51,42.27 3 0
github.com/chenniannian90/tools/confmcp/server.go:43.15,44.27 1 0
github.com/chenniannian90/tools/confmcp/server.go:45.13,46.56 1 0
github.com/chenniannian90/tools/confmcp/server.go:47.10,48.67 1 0
github.com/chenniannian90/tools/confmcp/server.go:53.56,60.16 5 0
github.com/chenniannian90/tools/confmcp/server.go:60.16,62.50 2 0
github.com/chenniannian90/tools/confmcp/server.go:62.50,63.21 1 0
github.com/chenniannian90/tools/confmcp/server.go:63.21,66.5 2 0
github.com/chenniannian90/tools/confmcp/server.go:67.4,68.12 2 0
github.com/chenniannian90/tools/confmcp/server.go:71.3,72.22 2 0
github.com/chenniannian90/tools/confmcp/server.go:72.22,73.51 1 0
github.com/chenniannian90/tools/confmcp/server.go:73.51,75.5 1 0
github.com/chenniannian90/tools/confmcp/server.go:79.2,79.12 1 0
github.com/chenniannian90/tools/confmcp/server.go:83.25,86.2 2 0
github.com/chenniannian90/tools/confmcp/server.go:89.93,92.24 2 0
github.com/chenniannian90/tools/confmcp/server.go:93.20,94.37 1 0
github.com/chenniannian90/tools/confmcp/server.go:95.21,96.13 1 0
github.com/chenniannian90/tools/confmcp/server.go:97.18,98.35 1 0
github.com/chenniannian90/tools/confmcp/server.go:99.20,100.36 1 0
github.com/chenniannian90/tools/confmcp/server.go:101.20,102.41 1 0
github.com/chenniannian90/tools/confmcp/server.go:103.24,104.40 1 0
github.com/chenniannian90/tools/confmcp/server.go:105.24,106.45 1 0
github.com/chenniannian90/tools/confmcp/server.go:107.22,108.38 1 0
github.com/chenniannian90/tools/confmcp/server.go:109.21,110.42 1 0
github.com/chenniannian90/tools/confmcp/server.go:111.10,119.4 1 0
github.com/chenniannian90/tools/confmcp/server.go:124.75,150.2 2 0
github.com/chenniannian90/tools/confmcp/server.go:153.73,162.2 3 0
github.com/chenniannian90/tools/confmcp/server.go:165.74,170.29 3 0
github.com/chenniannian90/tools/confmcp/server.go:170.29,177.3 2 0
github.com/chenniannian90/tools/confmcp/server.go:179.2,185.3 1 0
github.com/chenniannian90/tools/confmcp/server.go:189.95,191.9 2 0
github.com/chenniannian90/tools/confmcp/server.go:191.9,193.3 1 0
github.com/chenniannian90/tools/confmcp/server.go:195.2,201.16 5 0
github.com/chenniannian90/tools/confmcp/server.go:201.16,204.3 2 0
github.com/chenniannian90/tools/confmcp/server.go:207.2,208.42 2 0
github.com/chenniannian90/tools/confmcp/server.go:208.42,215.3 1 0
github.com/chenniannian90/tools/confmcp/server.go:215.8,218.17 2 0
github.com/chenniannian90/tools/confmcp/server.go:218.17,220.4 1 0
github.com/chenniannian90/tools/confmcp/server.go:221.3,226.4 1 0
github.com/chenniannian90/tools/confmcp/server.go:229.2,235.3 1 0
github.com/chenniannian90/tools/confmcp/server.go:239.78,244.37 3 0
github.com/chenniannian90/tools/confmcp/server.go:244.37,250.30 2 0
github.com/chenniannian90/tools/confmcp/server.go:250.30,252.4 1 0
github.com/chenniannian90/tools/confmcp/server.go:253.3,253.53 1 0
github.com/chenniannian90/tools/confmcp/server.go:256.2,262.3 1 0
github.com/chenniannian90/tools/confmcp/server.go:266.99,268.9 2 0
github.com/chenniannian90/tools/confmcp/server.go:268.9,270.3 1 0
github.com/chenniannian90/tools/confmcp/server.go:272.2,276.16 4 0
github.com/chenniannian90/tools/confmcp/server.go:276.16,279.3 2 0
github.com/chenniannian90/tools/confmcp/server.go:282.2,286.24 2 0
github.com/chenniannian90/tools/confmcp/server.go:286.24,288.3 1 0
github.com/chenniannian90/tools/confmcp/server.go:290.2,290.28 1 0
github.com/chenniannian90/tools/confmcp/server.go:290.28,292.3 1 0
github.com/chenniannian90/tools/confmcp/server.go:294.2,300.3 1 0
github.com/chenniannian90/tools/confmcp/server.go:304.76,309.33 3 0
github.com/chenniannian90/tools/confmcp/server.go:309.33,315.32 2 0
github.com/chenniannian90/tools/confmcp/server.go:315.32,317.41 2 0
github.com/chenniannian90/tools/confmcp/server.go:317.41,324.5 2 0
github.com/chenniannian90/tools/confmcp/server.go:325.4,325.33 1 0
github.com/chenniannian90/tools/confmcp/server.go:328.3,328.47 1 0
github.com/chenniannian90/tools/confmcp/server.go:331.2,337.3 1 0
github.com/chenniannian90/tools/confmcp/server.go:341.96,343.9 2 0
github.com/chenniannian90/tools/confmcp/server.go:343.9,345.3 1 0
github.com/chenniannian90/tools/confmcp/server.go:347.2,349.50 3 0
github.com/chenniannian90/tools/confmcp/server.go:349.50,351.3 1 0
github.com/chenniannian90/tools/confmcp/server.go:353.2,356.16 3 0
github.com/chenniannian90/tools/confmcp/server.go:356.16,359.3 2 0
github.com/chenniannian90/tools/confmcp/server.go:361.2,372.3 1 0
github.com/chenniannian90/tools/confmcp/server.go:376.49,378.2 1 1
github.com/chenniannian90/tools/confmcp/server.go:381.61,383.2 1 1
github.com/chenniannian90/tools/confmcp/server.go:386.55,388.2 1 1
github.com/chenniannian90/tools/confmcp/server.go:391.43,393.2 1 1
github.com/chenniannian90/tools/confmcp/server.go:396.51,398.2 1 1
github.com/chenniannian90/tools/confmcp/server.go:401.47,403.2 1 1
github.com/chenniannian90/tools/confmcp/server.go:406.78,415.2 1 0
github.com/chenniannian90/tools/confmcp/tools.go:25.38,29.2 1 1
github.com/chenniannian90/tools/confmcp/tools.go:32.51,33.21 1 1
github.com/chenniannian90/tools/confmcp/tools.go:33.21,35.3 1 1
github.com/chenniannian90/tools/confmcp/tools.go:36.2,36.25 1 1
github.com/chenniannian90/tools/confmcp/tools.go:36.25,38.3 1 1
github.com/chenniannian90/tools/confmcp/tools.go:40.2,41.12 2 1
github.com/chenniannian90/tools/confmcp/tools.go:45.48,47.2 1 1
github.com/chenniannian90/tools/confmcp/tools.go:50.55,53.2 2 1
github.com/chenniannian90/tools/confmcp/tools.go:56.39,58.31 2 1
github.com/chenniannian90/tools/confmcp/tools.go:58.31,60.3 1 1
github.com/chenniannian90/tools/confmcp/tools.go:61.2,61.14 1 1
github.com/chenniannian90/tools/confmcp/tools.go:65.116,67.9 2 1
github.com/chenniannian90/tools/confmcp/tools.go:67.9,69.3 1 1
github.com/chenniannian90/tools/confmcp/tools.go:71.2,71.32 1 1
github.com/chenniannian90/tools/confmcp/tools.go:75.36,77.2 1 1
github.com/chenniannian90/tools/confmcp/tools.go:80.32,82.2 1 1
github.com/chenniannian90/tools/confmcp/tools.go:85.46,88.2 2 1
